{
  "0 debug pnpm:scope": {
    "selected": 1,
    "workspacePrefix": "/Users/leihe/web-components-ui-design"
  },
  "1 info pnpm": {
    "err": {
      "name": "Error",
      "message": "not found: commit",
      "code": "ENOENT",
      "stack": "Error: not found: commit\n    at getNotFoundError (/Users/leihe/pnpm-global/5/node_modules/.pnpm/pnpm@6.32.3/node_modules/pnpm/dist/pnpm.cjs:41585:51)\n    at Function.whichSync [as sync] (/Users/leihe/pnpm-global/5/node_modules/.pnpm/pnpm@6.32.3/node_modules/pnpm/dist/pnpm.cjs:41662:13)\n    at getCommandAbsolutePathSync (/Users/leihe/pnpm-global/5/node_modules/.pnpm/pnpm@6.32.3/node_modules/pnpm/dist/pnpm.cjs:43227:44)\n    at default_1 (/Users/leihe/pnpm-global/5/node_modules/.pnpm/pnpm@6.32.3/node_modules/pnpm/dist/pnpm.cjs:43236:32)\n    at /Users/leihe/pnpm-global/5/node_modules/.pnpm/pnpm@6.32.3/node_modules/pnpm/dist/pnpm.cjs:178180:39"
    }
  },
  "2 error pnpm": {
    "code": "ERR_PNPM_RECURSIVE_EXEC_FIRST_FAIL",
    "prefix": "/Users/leihe/web-components-ui-design/packages/themes",
    "err": {
      "name": "pnpm",
      "message": "not found: commit",
      "code": "ERR_PNPM_RECURSIVE_EXEC_FIRST_FAIL",
      "stack": "Error: not found: commit\n    at getNotFoundError (/Users/leihe/pnpm-global/5/node_modules/.pnpm/pnpm@6.32.3/node_modules/pnpm/dist/pnpm.cjs:41585:51)\n    at Function.whichSync [as sync] (/Users/leihe/pnpm-global/5/node_modules/.pnpm/pnpm@6.32.3/node_modules/pnpm/dist/pnpm.cjs:41662:13)\n    at getCommandAbsolutePathSync (/Users/leihe/pnpm-global/5/node_modules/.pnpm/pnpm@6.32.3/node_modules/pnpm/dist/pnpm.cjs:43227:44)\n    at default_1 (/Users/leihe/pnpm-global/5/node_modules/.pnpm/pnpm@6.32.3/node_modules/pnpm/dist/pnpm.cjs:43236:32)\n    at /Users/leihe/pnpm-global/5/node_modules/.pnpm/pnpm@6.32.3/node_modules/pnpm/dist/pnpm.cjs:178180:39"
    }
  }
}